[2025-01-20 12:14:57.508565] I [34672] [datamanager.cpp:init:94] DataManager::init begin
[2025-01-20 12:14:57.509309] I [34672] [datamanager.cpp:init:97] DataManager::init end
[2025-01-20 12:14:57.509339] D [34672] [viplexcore.cpp:initCore:181] viplexcore db & log init ok
[2025-01-20 12:14:57.509345] D [34672] [viplexcore.cpp:init:106] sdk version = 3.4.0.01
[2025-01-20 12:14:57.512537] E [34672] [udpsocket.cpp:initSockets:173] udp->Bind error,Port 16600 may be occupied,check if you have another instance or Viplex Express running
[2025-01-20 12:14:57.512985] E [34672] [udpsocket.cpp:initSockets:173] udp->Bind error,Port 16600 may be occupied,check if you have another instance or Viplex Express running
[2025-01-20 12:14:57.513986] E [34672] [udpsocket.cpp:UdpSocket:29] UdpSocket::UdpSocket,the m_sockets is null,maybe this PC have no network-card
[2025-01-20 12:14:57.515395] E [34672] [udpsocket.cpp:initSockets:173] udp->Bind error,Port 16600 may be occupied,check if you have another instance or Viplex Express running
[2025-01-20 12:14:57.515616] E [34672] [udpsocket.cpp:initSockets:173] udp->Bind error,Port 16600 may be occupied,check if you have another instance or Viplex Express running
[2025-01-20 12:14:57.515635] E [34672] [udpsocket.cpp:UdpSocket:29] UdpSocket::UdpSocket,the m_sockets is null,maybe this PC have no network-card
[2025-01-20 12:14:57.515877] I [34672] [datamanager.cpp:setString:121] DataManager::setString begin
[2025-01-20 12:14:57.520627] I [34672] [datamanager.cpp:setString:169] DataManager::setString end
[2025-01-20 12:14:57.520652] I [34672] [datamanager.cpp:getString:174] DataManager::getString begin
[2025-01-20 12:14:57.520837] E [34672] [sqloperation.cpp:isFieldExist:96] isFieldExist :no such column: PROGRAMTEMPLATE,strSql=SELECT PROGRAMTEMPLATE FROM commonconfig
[2025-01-20 12:14:57.520849] I [34672] [datamanager.cpp:getString:195] DataManager::getString end
[2025-01-20 12:14:57.521075] I [34672] [datamanager.cpp:setString:121] DataManager::setString begin
[2025-01-20 12:14:57.521133] E [34672] [sqloperation.cpp:isFieldExist:96] isFieldExist :no such column: PROGRAMTEMPLATE,strSql=SELECT PROGRAMTEMPLATE FROM commonconfig
[2025-01-20 12:14:57.524111] I [34672] [datamanager.cpp:setString:169] DataManager::setString end
[2025-01-20 12:14:57.524145] I [34672] [datamanager.cpp:getString:174] DataManager::getString begin
[2025-01-20 12:14:57.524249] I [34672] [datamanager.cpp:getString:195] DataManager::getString end
[2025-01-20 12:14:57.524345] I [34672] [datamanager.cpp:setString:121] DataManager::setString begin
[2025-01-20 12:14:57.525899] I [34672] [datamanager.cpp:setString:169] DataManager::setString end
[2025-01-20 12:14:57.525958] D [34672] [viplexcore.cpp:init:138] viplexcore init ok: version=3.4.0.01, path=D:/BCCL/LedController/LedController/temp, credentials={"company":"FleetSafe India","phone":"9992391581","email":"balkar@fleetsafeindia.com"}
[2025-01-20 12:14:57.525959] D [34672] [viplexcore.cpp:init:139] viplexcore  init ok
[2025-01-20 12:14:57.525970] I [34672] [datamanager.cpp:setString:121] DataManager::setString begin
[2025-01-20 12:14:57.526055] E [34672] [sqloperation.cpp:isFieldExist:96] isFieldExist :no such column: publicmodule,strSql=SELECT publicmodule FROM commonconfig
[2025-01-20 12:14:57.526291] I [19392] [httpHelper.cpp:httpTimeServerRequest:25] httpTimeServerRequest --srart -- url = ,
[2025-01-20 12:14:57.526392] I [19392] [httpHelper.cpp:httpNodeServerRequest:43] httpNodeServerRequest --srart -- url = ,
[2025-01-20 12:14:57.526419] I [19392] [httpHelper.cpp:httpVnnoxNodeServerRequest:585] httpVnnoxNodeServerRequest --srart -- url = ,
[2025-01-20 12:14:57.526445] D [19392] [viplexcore.cpp:operator ():126] getBuryPoint() return true
[2025-01-20 12:14:57.526452] D [19392] [burypoint.cpp:uploadInit:23] BuryPoint::uploadInit begin
[2025-01-20 12:14:57.530975] I [34672] [datamanager.cpp:setString:169] DataManager::setString end
[2025-01-20 12:14:57.576880] D [19392] [burypoint.cpp:getOSSUploadBuryPointInfo:30] BuryPoint::getOSSUploadBuryPointInfo begin
[2025-01-20 12:14:57.576892] D [19392] [burypoint.cpp:getOSSUploadBuryPointInfo:35] BuryPoint::getOSSUploadBuryPointInfo getOssInfoUrl=
[2025-01-20 12:14:57.577432] E [19392] [httpttools.cpp:HttpGet:681] httptTools::HttpGet  error, ret:3
[2025-01-20 12:14:57.577507] D [19392] [burypoint.cpp:getOSSUploadBuryPointInfo:39] BuryPoint::getOSSUploadBuryPointInfo() get ossAuthorization empty!
[2025-01-20 12:14:57.583024] D [34672] [viplexcoreasync.cpp:nvSearchAppointIpAsync:97] nvSearchAppointIpAsync serchAppointIp begin
[2025-01-20 12:14:57.583083] I [34672] [udphelper.cpp:serchTerminal:63] serchTerminal:41:56:4f:4e:ff:ff:ff:ff:55:88:81:00:00:00:00:00:00:00:00:00:00:00:8e:00
[2025-01-20 12:14:57.583089] E [34672] [serchterminal.cpp:serchTerminal:118] SerchTerminal::serchTerminal ERR_UDP_ADDRINUSE result:The UDP-port(16600) of binding is in used, Please check if you have another instance or Viplex Express running
[2025-01-20 12:14:57.583111] D [34672] [viplexcoreasync.cpp:operator ():104] nvSearchAppointIpAsync data callback begin
[2025-01-20 12:14:57.584034] D [34672] [viplexcoreasync.cpp:operator ():108] nvSearchAppointIpAsync data callback end
[2025-01-20 12:14:57.584050] I [34672] [udphelper.cpp:serchTerminal:63] serchTerminal:41:56:4f:4e:ff:ff:ff:ff:55:88:81:00:00:00:00:00:00:00:00:00:00:00:8e:00
[2025-01-20 12:14:57.584054] E [34672] [serchterminal.cpp:serchTerminal:118] SerchTerminal::serchTerminal ERR_UDP_ADDRINUSE result:The UDP-port(16600) of binding is in used, Please check if you have another instance or Viplex Express running
[2025-01-20 12:14:57.584075] D [34672] [viplexcoreasync.cpp:operator ():104] nvSearchAppointIpAsync data callback begin
[2025-01-20 12:14:57.584118] D [34672] [viplexcoreasync.cpp:operator ():108] nvSearchAppointIpAsync data callback end
[2025-01-20 12:14:57.586968] I [34672] [login.cpp:loginTerminal:29] loginTerminal start
[2025-01-20 12:14:57.586980] I [34672] [datamanager.cpp:getString:174] DataManager::getString begin
[2025-01-20 12:14:57.587161] I [34672] [datamanager.cpp:getString:195] DataManager::getString end
[2025-01-20 12:14:57.587164] I [34672] [login.cpp:loginTerminal:33] loginTerminal start localNetLoginTerminal
[2025-01-20 12:14:57.587199] E [34672] [login.cpp:operator ():209]  Login::loginTerminal:  == sn
[2025-01-20 12:14:57.587218] D [34672] [viplexcoreasync.cpp:operator ():283] nvLoginAsync data callback begin
[2025-01-20 12:14:59.064110] I [20392] [datamanager.cpp:setString:121] DataManager::setString begin
[2025-01-20 12:14:59.064110] I [27936] [datamanager.cpp:setString:121] DataManager::setString begin
[2025-01-20 12:14:59.064220] I [32788] [datamanager.cpp:setString:121] DataManager::setString begin
[2025-01-20 12:14:59.064747] E [20392] [sqloperation.cpp:isFieldExist:96] isFieldExist :no such column: NODE_SERVERS_VNNOX,strSql=SELECT NODE_SERVERS_VNNOX FROM commonconfig
[2025-01-20 12:14:59.081815] I [20392] [datamanager.cpp:setString:169] DataManager::setString end
[2025-01-20 12:14:59.081843] I [20392] [httpHelper.cpp:operator ():54] httpNodeServerRequest request error ,3
[2025-01-20 12:14:59.082297] E [27936] [sqloperation.cpp:isFieldExist:96] isFieldExist :no such column: TIMING_SERVERS_VNNOX,strSql=SELECT TIMING_SERVERS_VNNOX FROM commonconfig
[2025-01-20 12:14:59.087416] I [27936] [datamanager.cpp:setString:169] DataManager::setString end
[2025-01-20 12:14:59.087433] I [27936] [httpHelper.cpp:operator ():36] httpTimeServerRequest request error ,3
[2025-01-20 12:14:59.087574] E [32788] [sqloperation.cpp:isFieldExist:96] isFieldExist :no such column: NODE_LIST_VNNOX,strSql=SELECT NODE_LIST_VNNOX FROM commonconfig
[2025-01-20 12:14:59.090498] I [32788] [datamanager.cpp:setString:169] DataManager::setString end
[2025-01-20 12:14:59.090506] I [32788] [httpHelper.cpp:operator ():596] httpNodeServerRequest request error ,3
[2025-01-20 12:15:26.854784] W [34732] [ftphelper.cpp:~FtpHelper:18] FtpHelper::~FtpHelper()
[2025-01-20 12:15:26.885547] I [34732] [udpsocket.cpp:~UdpSocket:52] ~UdpSocket() end
[2025-01-20 12:15:26.917569] I [34732] [udpsocket.cpp:~UdpSocket:52] ~UdpSocket() end
[2025-01-20 12:15:26.917786] W [34732] [tcphelper.cpp:~TcpHelper:40] TcpHelper::~TcpHelper()
